<?xml version="1.0" encoding="UTF-8"?>
<robot generator="Robot 4.0 (Python 3.9.2 on win32)" generated="20210714 19:39:35.196" rpa="false" schemaversion="2">
<suite id="s1" name="Google5" source="C:\Users\jaggy\workshop\google3\google5.robot">
<test id="s1-t1" name="อาม่าต้องการค้นหาสถานที่ฉีดวัคซีนคนอายุ 60 ปีขึ้นไป">
<kw name="ต้องการค้นหา จะต้องเจอ" library="resource">
<arg>สถานที่ฉีดวัคซีนคนอายุ 60 ปีขึ้นไป</arg>
<arg>สถานีกลางบางซื่อ</arg>
<kw name="เข้า www.google.com" library="resource">
<kw name="Open Browser" library="SeleniumLibrary">
<arg>url=${URL}</arg>
<arg>browser=${BROWSER}</arg>
<doc>Opens a new browser instance to the optional ``url``.</doc>
<msg timestamp="20210714 19:39:35.561" level="INFO">Opening browser 'chrome' to base url 'https://www.google.com'.</msg>
<status status="PASS" starttime="20210714 19:39:35.560" endtime="20210714 19:39:38.336"/>
</kw>
<status status="PASS" starttime="20210714 19:39:35.560" endtime="20210714 19:39:38.337"/>
</kw>
<kw name="ใส่คำค้น" library="resource">
<arg>${SEARCH_KEYWORD}</arg>
<kw name="Input Text" library="SeleniumLibrary">
<arg>name=q</arg>
<arg>${SEARCH_KEYWORD}</arg>
<doc>Types the given ``text`` into the text field identified by ``locator``.</doc>
<msg timestamp="20210714 19:39:38.338" level="INFO">Typing text 'สถานที่ฉีดวัคซีนคนอายุ 60 ปีขึ้นไป' into text field 'name=q'.</msg>
<status status="PASS" starttime="20210714 19:39:38.338" endtime="20210714 19:39:38.702"/>
</kw>
<kw name="Press Keys" library="SeleniumLibrary">
<arg>name=q</arg>
<arg>${ENTER}</arg>
<doc>Simulates the user pressing key(s) to an element or on the active browser.</doc>
<msg timestamp="20210714 19:39:38.703" level="INFO">Sending key(s) ('RETURN',) to name=q element.</msg>
<msg timestamp="20210714 19:39:39.014" level="INFO">Pressing special key RETURN to element.</msg>
<msg timestamp="20210714 19:39:39.014" level="INFO">Releasing special key RETURN.</msg>
<status status="PASS" starttime="20210714 19:39:38.702" endtime="20210714 19:39:39.759"/>
</kw>
<status status="PASS" starttime="20210714 19:39:38.337" endtime="20210714 19:39:39.760"/>
</kw>
<kw name="แสดงผลการค้นหาจะต้องเจอ" library="resource">
<arg>${EXPECTED_RESULT}</arg>
<kw name="Wait Until Page Contains" library="SeleniumLibrary">
<arg>${EXPECTED_RESULT}</arg>
<doc>Waits until ``text`` appears on the current page.</doc>
<status status="PASS" starttime="20210714 19:39:39.761" endtime="20210714 19:39:39.802"/>
</kw>
<status status="PASS" starttime="20210714 19:39:39.760" endtime="20210714 19:39:39.803"/>
</kw>
<kw name="ปืด google" library="resource">
<kw name="Close All Browsers" library="SeleniumLibrary">
<doc>Closes all open browsers and resets the browser cache.</doc>
<status status="PASS" starttime="20210714 19:39:39.804" endtime="20210714 19:39:42.120"/>
</kw>
<status status="PASS" starttime="20210714 19:39:39.803" endtime="20210714 19:39:42.120"/>
</kw>
<status status="PASS" starttime="20210714 19:39:35.560" endtime="20210714 19:39:42.121"/>
</kw>
<status status="PASS" starttime="20210714 19:39:35.557" endtime="20210714 19:39:42.121"/>
</test>
<test id="s1-t2" name="อาม่าต้องการค้นหาอ่านข่าวทั้งน้ำตา">
<kw name="ต้องการค้นหา จะต้องเจอ" library="resource">
<arg>อ่านข่าวทั้งน้ำตา</arg>
<arg>สรยุทธ</arg>
<kw name="เข้า www.google.com" library="resource">
<kw name="Open Browser" library="SeleniumLibrary">
<arg>url=${URL}</arg>
<arg>browser=${BROWSER}</arg>
<doc>Opens a new browser instance to the optional ``url``.</doc>
<msg timestamp="20210714 19:39:42.126" level="INFO">Opening browser 'chrome' to base url 'https://www.google.com'.</msg>
<status status="PASS" starttime="20210714 19:39:42.125" endtime="20210714 19:39:44.932"/>
</kw>
<status status="PASS" starttime="20210714 19:39:42.125" endtime="20210714 19:39:44.932"/>
</kw>
<kw name="ใส่คำค้น" library="resource">
<arg>${SEARCH_KEYWORD}</arg>
<kw name="Input Text" library="SeleniumLibrary">
<arg>name=q</arg>
<arg>${SEARCH_KEYWORD}</arg>
<doc>Types the given ``text`` into the text field identified by ``locator``.</doc>
<msg timestamp="20210714 19:39:44.934" level="INFO">Typing text 'อ่านข่าวทั้งน้ำตา' into text field 'name=q'.</msg>
<status status="PASS" starttime="20210714 19:39:44.933" endtime="20210714 19:39:45.239"/>
</kw>
<kw name="Press Keys" library="SeleniumLibrary">
<arg>name=q</arg>
<arg>${ENTER}</arg>
<doc>Simulates the user pressing key(s) to an element or on the active browser.</doc>
<msg timestamp="20210714 19:39:45.241" level="INFO">Sending key(s) ('RETURN',) to name=q element.</msg>
<msg timestamp="20210714 19:39:45.549" level="INFO">Pressing special key RETURN to element.</msg>
<msg timestamp="20210714 19:39:45.550" level="INFO">Releasing special key RETURN.</msg>
<status status="PASS" starttime="20210714 19:39:45.240" endtime="20210714 19:39:47.068"/>
</kw>
<status status="PASS" starttime="20210714 19:39:44.932" endtime="20210714 19:39:47.068"/>
</kw>
<kw name="แสดงผลการค้นหาจะต้องเจอ" library="resource">
<arg>${EXPECTED_RESULT}</arg>
<kw name="Wait Until Page Contains" library="SeleniumLibrary">
<arg>${EXPECTED_RESULT}</arg>
<doc>Waits until ``text`` appears on the current page.</doc>
<status status="PASS" starttime="20210714 19:39:47.070" endtime="20210714 19:39:47.111"/>
</kw>
<status status="PASS" starttime="20210714 19:39:47.069" endtime="20210714 19:39:47.112"/>
</kw>
<kw name="ปืด google" library="resource">
<kw name="Close All Browsers" library="SeleniumLibrary">
<doc>Closes all open browsers and resets the browser cache.</doc>
<status status="PASS" starttime="20210714 19:39:47.113" endtime="20210714 19:39:49.395"/>
</kw>
<status status="PASS" starttime="20210714 19:39:47.112" endtime="20210714 19:39:49.395"/>
</kw>
<status status="PASS" starttime="20210714 19:39:42.124" endtime="20210714 19:39:49.395"/>
</kw>
<status status="PASS" starttime="20210714 19:39:42.121" endtime="20210714 19:39:49.395"/>
</test>
<test id="s1-t3" name="อาม่าต้องการค้นหาภาษีวัคซีน">
<kw name="ต้องการค้นหา จะต้องเจอ" library="resource">
<arg>ภาษีวัคซีน</arg>
<arg>อ.ลอย</arg>
<kw name="เข้า www.google.com" library="resource">
<kw name="Open Browser" library="SeleniumLibrary">
<arg>url=${URL}</arg>
<arg>browser=${BROWSER}</arg>
<doc>Opens a new browser instance to the optional ``url``.</doc>
<msg timestamp="20210714 19:39:49.399" level="INFO">Opening browser 'chrome' to base url 'https://www.google.com'.</msg>
<status status="PASS" starttime="20210714 19:39:49.399" endtime="20210714 19:39:52.059"/>
</kw>
<status status="PASS" starttime="20210714 19:39:49.398" endtime="20210714 19:39:52.059"/>
</kw>
<kw name="ใส่คำค้น" library="resource">
<arg>${SEARCH_KEYWORD}</arg>
<kw name="Input Text" library="SeleniumLibrary">
<arg>name=q</arg>
<arg>${SEARCH_KEYWORD}</arg>
<doc>Types the given ``text`` into the text field identified by ``locator``.</doc>
<msg timestamp="20210714 19:39:52.061" level="INFO">Typing text 'ภาษีวัคซีน' into text field 'name=q'.</msg>
<status status="PASS" starttime="20210714 19:39:52.060" endtime="20210714 19:39:52.304"/>
</kw>
<kw name="Press Keys" library="SeleniumLibrary">
<arg>name=q</arg>
<arg>${ENTER}</arg>
<doc>Simulates the user pressing key(s) to an element or on the active browser.</doc>
<msg timestamp="20210714 19:39:52.305" level="INFO">Sending key(s) ('RETURN',) to name=q element.</msg>
<msg timestamp="20210714 19:39:52.657" level="INFO">Pressing special key RETURN to element.</msg>
<msg timestamp="20210714 19:39:52.657" level="INFO">Releasing special key RETURN.</msg>
<status status="PASS" starttime="20210714 19:39:52.304" endtime="20210714 19:39:54.162"/>
</kw>
<status status="PASS" starttime="20210714 19:39:52.059" endtime="20210714 19:39:54.162"/>
</kw>
<kw name="แสดงผลการค้นหาจะต้องเจอ" library="resource">
<arg>${EXPECTED_RESULT}</arg>
<kw name="Wait Until Page Contains" library="SeleniumLibrary">
<arg>${EXPECTED_RESULT}</arg>
<doc>Waits until ``text`` appears on the current page.</doc>
<status status="PASS" starttime="20210714 19:39:54.163" endtime="20210714 19:39:54.188"/>
</kw>
<status status="PASS" starttime="20210714 19:39:54.162" endtime="20210714 19:39:54.188"/>
</kw>
<kw name="ปืด google" library="resource">
<kw name="Close All Browsers" library="SeleniumLibrary">
<doc>Closes all open browsers and resets the browser cache.</doc>
<status status="PASS" starttime="20210714 19:39:54.189" endtime="20210714 19:39:56.441"/>
</kw>
<status status="PASS" starttime="20210714 19:39:54.189" endtime="20210714 19:39:56.442"/>
</kw>
<status status="PASS" starttime="20210714 19:39:49.398" endtime="20210714 19:39:56.442"/>
</kw>
<status status="PASS" starttime="20210714 19:39:49.396" endtime="20210714 19:39:56.442"/>
</test>
<status status="PASS" starttime="20210714 19:39:35.199" endtime="20210714 19:39:56.443"/>
</suite>
<statistics>
<total>
<stat pass="3" fail="0" skip="0">All Tests</stat>
</total>
<tag>
</tag>
<suite>
<stat pass="3" fail="0" skip="0" id="s1" name="Google5">Google5</stat>
</suite>
</statistics>
<errors>
</errors>
</robot>
